{
  "RSpec": {
    "coverage": {
      "/Users/saicam/Documents/projects/bookmark-manager/app.rb": [
        1,
        1,
        null,
        1,
        null,
        null,
        1,
        1,
        null,
        null,
        1,
        4,
        4,
        null,
        null,
        1,
        1,
        null,
        null,
        1,
        1,
        1,
        null,
        null,
        1,
        1,
        1,
        null,
        1,
        null
      ],
      "/Users/saicam/Documents/projects/bookmark-manager/lib/bookmark.rb": [
        1,
        null,
        1,
        null,
        1,
        1,
        1,
        null,
        1,
        21,
        21,
        21,
        null,
        null,
        1,
        3,
        3,
        null,
        0,
        null,
        3,
        3,
        3,
        null,
        null,
        null,
        1,
        6,
        6,
        null,
        0,
        null,
        6,
        6,
        6,
        18,
        null,
        null,
        null,
        null,
        1,
        2,
        2,
        null,
        0,
        null,
        2,
        2,
        null,
        null,
        null,
        null,
        null,
        null,
        null,
        null,
        null,
        null,
        null,
        null,
        null,
        null,
        null,
        null,
        null,
        null,
        null,
        null,
        null,
        null,
        null,
        null,
        null,
        null
      ],
      "/Users/saicam/Documents/projects/bookmark-manager/spec/features/add_bookmarks_spec.rb": [
        1,
        1,
        1,
        1,
        1,
        1,
        1,
        null,
        null
      ],
      "/Users/saicam/Documents/projects/bookmark-manager/spec/features/remove_bookmarks_spec.rb": [
        1,
        1,
        1,
        null,
        1,
        1,
        null,
        null
      ],
      "/Users/saicam/Documents/projects/bookmark-manager/spec/features/show_bookmarks_spec.rb": [
        1,
        1,
        1,
        1,
        null,
        null,
        null,
        1,
        1,
        1,
        1,
        1,
        1,
        null,
        null,
        null
      ],
      "/Users/saicam/Documents/projects/bookmark-manager/spec/unit/bookmark_spec.rb": [
        1,
        null,
        1,
        null,
        null,
        null,
        null,
        null,
        null,
        null,
        1,
        1,
        1,
        1,
        1,
        1,
        1,
        1,
        null,
        null,
        null,
        1,
        1,
        1,
        1,
        1,
        1,
        1,
        1,
        null,
        null,
        null,
        1,
        1,
        1,
        1,
        1,
        1,
        1,
        1,
        null,
        null,
        null
      ]
    },
    "timestamp": 1554900691
  }
}
